  Auto.cpp
D:\Рабочий стол\Учеба\2 курс\4 семестр\Курсач\ООП\OpticalDev\OpticalDev\Auto.cpp(6,2): warning C4996: 'strcpy': This function or variable may be unsafe. Consider using strcpy_s instead. To disable deprecation, use _CRT_SECURE_NO_WARNINGS. See online help for details.
D:\Рабочий стол\Учеба\2 курс\4 семестр\Курсач\ООП\OpticalDev\OpticalDev\Auto.cpp(11,2): warning C4996: 'strcpy': This function or variable may be unsafe. Consider using strcpy_s instead. To disable deprecation, use _CRT_SECURE_NO_WARNINGS. See online help for details.
D:\Рабочий стол\Учеба\2 курс\4 семестр\Курсач\ООП\OpticalDev\OpticalDev\Auto.cpp(18,2): warning C4996: 'strcpy': This function or variable may be unsafe. Consider using strcpy_s instead. To disable deprecation, use _CRT_SECURE_NO_WARNINGS. See online help for details.
D:\Рабочий стол\Учеба\2 курс\4 семестр\Курсач\ООП\OpticalDev\OpticalDev\Auto.cpp(20,2): warning C4996: 'strcpy': This function or variable may be unsafe. Consider using strcpy_s instead. To disable deprecation, use _CRT_SECURE_NO_WARNINGS. See online help for details.
D:\Рабочий стол\Учеба\2 курс\4 семестр\Курсач\ООП\OpticalDev\OpticalDev\Auto.cpp(22,2): warning C4996: 'strcpy': This function or variable may be unsafe. Consider using strcpy_s instead. To disable deprecation, use _CRT_SECURE_NO_WARNINGS. See online help for details.
D:\Рабочий стол\Учеба\2 курс\4 семестр\Курсач\ООП\OpticalDev\OpticalDev\Auto.cpp(35,3): warning C4996: 'strcpy': This function or variable may be unsafe. Consider using strcpy_s instead. To disable deprecation, use _CRT_SECURE_NO_WARNINGS. See online help for details.
D:\Рабочий стол\Учеба\2 курс\4 семестр\Курсач\ООП\OpticalDev\OpticalDev\Auto.cpp(42,3): warning C4996: 'strcpy': This function or variable may be unsafe. Consider using strcpy_s instead. To disable deprecation, use _CRT_SECURE_NO_WARNINGS. See online help for details.
D:\Рабочий стол\Учеба\2 курс\4 семестр\Курсач\ООП\OpticalDev\OpticalDev\Auto.cpp(57,3): warning C4996: 'strcpy': This function or variable may be unsafe. Consider using strcpy_s instead. To disable deprecation, use _CRT_SECURE_NO_WARNINGS. See online help for details.
D:\Рабочий стол\Учеба\2 курс\4 семестр\Курсач\ООП\OpticalDev\OpticalDev\Auto.cpp(59,3): warning C4996: 'strcpy': This function or variable may be unsafe. Consider using strcpy_s instead. To disable deprecation, use _CRT_SECURE_NO_WARNINGS. See online help for details.
D:\Рабочий стол\Учеба\2 курс\4 семестр\Курсач\ООП\OpticalDev\OpticalDev\Auto.cpp(61,3): warning C4996: 'strcpy': This function or variable may be unsafe. Consider using strcpy_s instead. To disable deprecation, use _CRT_SECURE_NO_WARNINGS. See online help for details.
D:\Рабочий стол\Учеба\2 курс\4 семестр\Курсач\ООП\OpticalDev\OpticalDev\Auto.cpp(71,2): warning C4996: 'strcpy': This function or variable may be unsafe. Consider using strcpy_s instead. To disable deprecation, use _CRT_SECURE_NO_WARNINGS. See online help for details.
D:\Рабочий стол\Учеба\2 курс\4 семестр\Курсач\ООП\OpticalDev\OpticalDev\Auto.cpp(76,2): warning C4996: 'strcpy': This function or variable may be unsafe. Consider using strcpy_s instead. To disable deprecation, use _CRT_SECURE_NO_WARNINGS. See online help for details.
D:\Рабочий стол\Учеба\2 курс\4 семестр\Курсач\ООП\OpticalDev\OpticalDev\Auto.cpp(83,2): warning C4996: 'strcpy': This function or variable may be unsafe. Consider using strcpy_s instead. To disable deprecation, use _CRT_SECURE_NO_WARNINGS. See online help for details.
D:\Рабочий стол\Учеба\2 курс\4 семестр\Курсач\ООП\OpticalDev\OpticalDev\Auto.cpp(85,2): warning C4996: 'strcpy': This function or variable may be unsafe. Consider using strcpy_s instead. To disable deprecation, use _CRT_SECURE_NO_WARNINGS. See online help for details.
D:\Рабочий стол\Учеба\2 курс\4 семестр\Курсач\ООП\OpticalDev\OpticalDev\Auto.cpp(87,2): warning C4996: 'strcpy': This function or variable may be unsafe. Consider using strcpy_s instead. To disable deprecation, use _CRT_SECURE_NO_WARNINGS. See online help for details.
D:\Рабочий стол\Учеба\2 курс\4 семестр\Курсач\ООП\OpticalDev\OpticalDev\Auto.cpp(103,2): warning C4996: 'strcpy': This function or variable may be unsafe. Consider using strcpy_s instead. To disable deprecation, use _CRT_SECURE_NO_WARNINGS. See online help for details.
D:\Рабочий стол\Учеба\2 курс\4 семестр\Курсач\ООП\OpticalDev\OpticalDev\Auto.cpp(133,3): warning C4996: 'strcpy': This function or variable may be unsafe. Consider using strcpy_s instead. To disable deprecation, use _CRT_SECURE_NO_WARNINGS. See online help for details.
D:\Рабочий стол\Учеба\2 курс\4 семестр\Курсач\ООП\OpticalDev\OpticalDev\Auto.cpp(137,3): warning C4996: 'strcpy': This function or variable may be unsafe. Consider using strcpy_s instead. To disable deprecation, use _CRT_SECURE_NO_WARNINGS. See online help for details.
D:\Рабочий стол\Учеба\2 курс\4 семестр\Курсач\ООП\OpticalDev\OpticalDev\Auto.cpp(141,3): warning C4996: 'strcpy': This function or variable may be unsafe. Consider using strcpy_s instead. To disable deprecation, use _CRT_SECURE_NO_WARNINGS. See online help for details.
D:\Рабочий стол\Учеба\2 курс\4 семестр\Курсач\ООП\OpticalDev\OpticalDev\Auto.cpp(152,3): warning C4996: 'strcpy': This function or variable may be unsafe. Consider using strcpy_s instead. To disable deprecation, use _CRT_SECURE_NO_WARNINGS. See online help for details.
D:\Рабочий стол\Учеба\2 курс\4 семестр\Курсач\ООП\OpticalDev\OpticalDev\Auto.cpp(158,3): warning C4996: 'strcpy': This function or variable may be unsafe. Consider using strcpy_s instead. To disable deprecation, use _CRT_SECURE_NO_WARNINGS. See online help for details.
  Camera.cpp
D:\Рабочий стол\Учеба\2 курс\4 семестр\Курсач\ООП\OpticalDev\OpticalDev\Camera.cpp(6,2): warning C4996: 'strcpy': This function or variable may be unsafe. Consider using strcpy_s instead. To disable deprecation, use _CRT_SECURE_NO_WARNINGS. See online help for details.
D:\Рабочий стол\Учеба\2 курс\4 семестр\Курсач\ООП\OpticalDev\OpticalDev\Camera.cpp(13,2): warning C4996: 'strcpy': This function or variable may be unsafe. Consider using strcpy_s instead. To disable deprecation, use _CRT_SECURE_NO_WARNINGS. See online help for details.
D:\Рабочий стол\Учеба\2 курс\4 семестр\Курсач\ООП\OpticalDev\OpticalDev\Camera.cpp(15,2): warning C4996: 'strcpy': This function or variable may be unsafe. Consider using strcpy_s instead. To disable deprecation, use _CRT_SECURE_NO_WARNINGS. See online help for details.
D:\Рабочий стол\Учеба\2 курс\4 семестр\Курсач\ООП\OpticalDev\OpticalDev\Camera.cpp(17,2): warning C4996: 'strcpy': This function or variable may be unsafe. Consider using strcpy_s instead. To disable deprecation, use _CRT_SECURE_NO_WARNINGS. See online help for details.
D:\Рабочий стол\Учеба\2 курс\4 семестр\Курсач\ООП\OpticalDev\OpticalDev\Camera.cpp(29,3): warning C4996: 'strcpy': This function or variable may be unsafe. Consider using strcpy_s instead. To disable deprecation, use _CRT_SECURE_NO_WARNINGS. See online help for details.
D:\Рабочий стол\Учеба\2 курс\4 семестр\Курсач\ООП\OpticalDev\OpticalDev\Camera.cpp(44,3): warning C4996: 'strcpy': This function or variable may be unsafe. Consider using strcpy_s instead. To disable deprecation, use _CRT_SECURE_NO_WARNINGS. See online help for details.
D:\Рабочий стол\Учеба\2 курс\4 семестр\Курсач\ООП\OpticalDev\OpticalDev\Camera.cpp(46,3): warning C4996: 'strcpy': This function or variable may be unsafe. Consider using strcpy_s instead. To disable deprecation, use _CRT_SECURE_NO_WARNINGS. See online help for details.
D:\Рабочий стол\Учеба\2 курс\4 семестр\Курсач\ООП\OpticalDev\OpticalDev\Camera.cpp(48,3): warning C4996: 'strcpy': This function or variable may be unsafe. Consider using strcpy_s instead. To disable deprecation, use _CRT_SECURE_NO_WARNINGS. See online help for details.
D:\Рабочий стол\Учеба\2 курс\4 семестр\Курсач\ООП\OpticalDev\OpticalDev\Camera.cpp(58,2): warning C4996: 'strcpy': This function or variable may be unsafe. Consider using strcpy_s instead. To disable deprecation, use _CRT_SECURE_NO_WARNINGS. See online help for details.
D:\Рабочий стол\Учеба\2 курс\4 семестр\Курсач\ООП\OpticalDev\OpticalDev\Camera.cpp(65,2): warning C4996: 'strcpy': This function or variable may be unsafe. Consider using strcpy_s instead. To disable deprecation, use _CRT_SECURE_NO_WARNINGS. See online help for details.
D:\Рабочий стол\Учеба\2 курс\4 семестр\Курсач\ООП\OpticalDev\OpticalDev\Camera.cpp(67,2): warning C4996: 'strcpy': This function or variable may be unsafe. Consider using strcpy_s instead. To disable deprecation, use _CRT_SECURE_NO_WARNINGS. See online help for details.
D:\Рабочий стол\Учеба\2 курс\4 семестр\Курсач\ООП\OpticalDev\OpticalDev\Camera.cpp(69,2): warning C4996: 'strcpy': This function or variable may be unsafe. Consider using strcpy_s instead. To disable deprecation, use _CRT_SECURE_NO_WARNINGS. See online help for details.
D:\Рабочий стол\Учеба\2 курс\4 семестр\Курсач\ООП\OpticalDev\OpticalDev\Camera.cpp(84,2): warning C4996: 'strcpy': This function or variable may be unsafe. Consider using strcpy_s instead. To disable deprecation, use _CRT_SECURE_NO_WARNINGS. See online help for details.
D:\Рабочий стол\Учеба\2 курс\4 семестр\Курсач\ООП\OpticalDev\OpticalDev\Camera.cpp(107,3): warning C4996: 'strcpy': This function or variable may be unsafe. Consider using strcpy_s instead. To disable deprecation, use _CRT_SECURE_NO_WARNINGS. See online help for details.
D:\Рабочий стол\Учеба\2 курс\4 семестр\Курсач\ООП\OpticalDev\OpticalDev\Camera.cpp(111,3): warning C4996: 'strcpy': This function or variable may be unsafe. Consider using strcpy_s instead. To disable deprecation, use _CRT_SECURE_NO_WARNINGS. See online help for details.
D:\Рабочий стол\Учеба\2 курс\4 семестр\Курсач\ООП\OpticalDev\OpticalDev\Camera.cpp(115,3): warning C4996: 'strcpy': This function or variable may be unsafe. Consider using strcpy_s instead. To disable deprecation, use _CRT_SECURE_NO_WARNINGS. See online help for details.
D:\Рабочий стол\Учеба\2 курс\4 семестр\Курсач\ООП\OpticalDev\OpticalDev\Camera.cpp(126,3): warning C4996: 'strcpy': This function or variable may be unsafe. Consider using strcpy_s instead. To disable deprecation, use _CRT_SECURE_NO_WARNINGS. See online help for details.
  Long.cpp
D:\Рабочий стол\Учеба\2 курс\4 семестр\Курсач\ООП\OpticalDev\OpticalDev\Long.cpp(9,2): warning C4996: 'strcpy': This function or variable may be unsafe. Consider using strcpy_s instead. To disable deprecation, use _CRT_SECURE_NO_WARNINGS. See online help for details.
D:\Рабочий стол\Учеба\2 курс\4 семестр\Курсач\ООП\OpticalDev\OpticalDev\Long.cpp(11,2): warning C4996: 'strcpy': This function or variable may be unsafe. Consider using strcpy_s instead. To disable deprecation, use _CRT_SECURE_NO_WARNINGS. See online help for details.
D:\Рабочий стол\Учеба\2 курс\4 семестр\Курсач\ООП\OpticalDev\OpticalDev\Long.cpp(13,2): warning C4996: 'strcpy': This function or variable may be unsafe. Consider using strcpy_s instead. To disable deprecation, use _CRT_SECURE_NO_WARNINGS. See online help for details.
D:\Рабочий стол\Учеба\2 курс\4 семестр\Курсач\ООП\OpticalDev\OpticalDev\Long.cpp(34,3): warning C4996: 'strcpy': This function or variable may be unsafe. Consider using strcpy_s instead. To disable deprecation, use _CRT_SECURE_NO_WARNINGS. See online help for details.
D:\Рабочий стол\Учеба\2 курс\4 семестр\Курсач\ООП\OpticalDev\OpticalDev\Long.cpp(36,3): warning C4996: 'strcpy': This function or variable may be unsafe. Consider using strcpy_s instead. To disable deprecation, use _CRT_SECURE_NO_WARNINGS. See online help for details.
D:\Рабочий стол\Учеба\2 курс\4 семестр\Курсач\ООП\OpticalDev\OpticalDev\Long.cpp(38,3): warning C4996: 'strcpy': This function or variable may be unsafe. Consider using strcpy_s instead. To disable deprecation, use _CRT_SECURE_NO_WARNINGS. See online help for details.
D:\Рабочий стол\Учеба\2 курс\4 семестр\Курсач\ООП\OpticalDev\OpticalDev\Long.cpp(51,2): warning C4996: 'strcpy': This function or variable may be unsafe. Consider using strcpy_s instead. To disable deprecation, use _CRT_SECURE_NO_WARNINGS. See online help for details.
D:\Рабочий стол\Учеба\2 курс\4 семестр\Курсач\ООП\OpticalDev\OpticalDev\Long.cpp(53,2): warning C4996: 'strcpy': This function or variable may be unsafe. Consider using strcpy_s instead. To disable deprecation, use _CRT_SECURE_NO_WARNINGS. See online help for details.
D:\Рабочий стол\Учеба\2 курс\4 семестр\Курсач\ООП\OpticalDev\OpticalDev\Long.cpp(55,2): warning C4996: 'strcpy': This function or variable may be unsafe. Consider using strcpy_s instead. To disable deprecation, use _CRT_SECURE_NO_WARNINGS. See online help for details.
D:\Рабочий стол\Учеба\2 курс\4 семестр\Курсач\ООП\OpticalDev\OpticalDev\Long.cpp(94,3): warning C4996: 'strcpy': This function or variable may be unsafe. Consider using strcpy_s instead. To disable deprecation, use _CRT_SECURE_NO_WARNINGS. See online help for details.
D:\Рабочий стол\Учеба\2 курс\4 семестр\Курсач\ООП\OpticalDev\OpticalDev\Long.cpp(98,3): warning C4996: 'strcpy': This function or variable may be unsafe. Consider using strcpy_s instead. To disable deprecation, use _CRT_SECURE_NO_WARNINGS. See online help for details.
D:\Рабочий стол\Учеба\2 курс\4 семестр\Курсач\ООП\OpticalDev\OpticalDev\Long.cpp(102,3): warning C4996: 'strcpy': This function or variable may be unsafe. Consider using strcpy_s instead. To disable deprecation, use _CRT_SECURE_NO_WARNINGS. See online help for details.
  Magnifier.cpp
D:\Рабочий стол\Учеба\2 курс\4 семестр\Курсач\ООП\OpticalDev\OpticalDev\Magnifier.cpp(6,2): warning C4996: 'strcpy': This function or variable may be unsafe. Consider using strcpy_s instead. To disable deprecation, use _CRT_SECURE_NO_WARNINGS. See online help for details.
D:\Рабочий стол\Учеба\2 курс\4 семестр\Курсач\ООП\OpticalDev\OpticalDev\Magnifier.cpp(8,2): warning C4996: 'strcpy': This function or variable may be unsafe. Consider using strcpy_s instead. To disable deprecation, use _CRT_SECURE_NO_WARNINGS. See online help for details.
D:\Рабочий стол\Учеба\2 курс\4 семестр\Курсач\ООП\OpticalDev\OpticalDev\Magnifier.cpp(11,2): warning C4996: 'strcpy': This function or variable may be unsafe. Consider using strcpy_s instead. To disable deprecation, use _CRT_SECURE_NO_WARNINGS. See online help for details.
D:\Рабочий стол\Учеба\2 курс\4 семестр\Курсач\ООП\OpticalDev\OpticalDev\Magnifier.cpp(15,2): warning C4996: 'strcpy': This function or variable may be unsafe. Consider using strcpy_s instead. To disable deprecation, use _CRT_SECURE_NO_WARNINGS. See online help for details.
D:\Рабочий стол\Учеба\2 курс\4 семестр\Курсач\ООП\OpticalDev\OpticalDev\Magnifier.cpp(17,2): warning C4996: 'strcpy': This function or variable may be unsafe. Consider using strcpy_s instead. To disable deprecation, use _CRT_SECURE_NO_WARNINGS. See online help for details.
D:\Рабочий стол\Учеба\2 курс\4 семестр\Курсач\ООП\OpticalDev\OpticalDev\Magnifier.cpp(19,2): warning C4996: 'strcpy': This function or variable may be unsafe. Consider using strcpy_s instead. To disable deprecation, use _CRT_SECURE_NO_WARNINGS. See online help for details.
D:\Рабочий стол\Учеба\2 курс\4 семестр\Курсач\ООП\OpticalDev\OpticalDev\Magnifier.cpp(31,3): warning C4996: 'strcpy': This function or variable may be unsafe. Consider using strcpy_s instead. To disable deprecation, use _CRT_SECURE_NO_WARNINGS. See online help for details.
D:\Рабочий стол\Учеба\2 курс\4 семестр\Курсач\ООП\OpticalDev\OpticalDev\Magnifier.cpp(33,3): warning C4996: 'strcpy': This function or variable may be unsafe. Consider using strcpy_s instead. To disable deprecation, use _CRT_SECURE_NO_WARNINGS. See online help for details.
D:\Рабочий стол\Учеба\2 курс\4 семестр\Курсач\ООП\OpticalDev\OpticalDev\Magnifier.cpp(38,3): warning C4996: 'strcpy': This function or variable may be unsafe. Consider using strcpy_s instead. To disable deprecation, use _CRT_SECURE_NO_WARNINGS. See online help for details.
D:\Рабочий стол\Учеба\2 курс\4 семестр\Курсач\ООП\OpticalDev\OpticalDev\Magnifier.cpp(48,3): warning C4996: 'strcpy': This function or variable may be unsafe. Consider using strcpy_s instead. To disable deprecation, use _CRT_SECURE_NO_WARNINGS. See online help for details.
D:\Рабочий стол\Учеба\2 курс\4 семестр\Курсач\ООП\OpticalDev\OpticalDev\Magnifier.cpp(50,3): warning C4996: 'strcpy': This function or variable may be unsafe. Consider using strcpy_s instead. To disable deprecation, use _CRT_SECURE_NO_WARNINGS. See online help for details.
D:\Рабочий стол\Учеба\2 курс\4 семестр\Курсач\ООП\OpticalDev\OpticalDev\Magnifier.cpp(52,3): warning C4996: 'strcpy': This function or variable may be unsafe. Consider using strcpy_s instead. To disable deprecation, use _CRT_SECURE_NO_WARNINGS. See online help for details.
D:\Рабочий стол\Учеба\2 курс\4 семестр\Курсач\ООП\OpticalDev\OpticalDev\Magnifier.cpp(62,2): warning C4996: 'strcpy': This function or variable may be unsafe. Consider using strcpy_s instead. To disable deprecation, use _CRT_SECURE_NO_WARNINGS. See online help for details.
D:\Рабочий стол\Учеба\2 курс\4 семестр\Курсач\ООП\OpticalDev\OpticalDev\Magnifier.cpp(64,2): warning C4996: 'strcpy': This function or variable may be unsafe. Consider using strcpy_s instead. To disable deprecation, use _CRT_SECURE_NO_WARNINGS. See online help for details.
D:\Рабочий стол\Учеба\2 курс\4 семестр\Курсач\ООП\OpticalDev\OpticalDev\Magnifier.cpp(67,2): warning C4996: 'strcpy': This function or variable may be unsafe. Consider using strcpy_s instead. To disable deprecation, use _CRT_SECURE_NO_WARNINGS. See online help for details.
D:\Рабочий стол\Учеба\2 курс\4 семестр\Курсач\ООП\OpticalDev\OpticalDev\Magnifier.cpp(71,2): warning C4996: 'strcpy': This function or variable may be unsafe. Consider using strcpy_s instead. To disable deprecation, use _CRT_SECURE_NO_WARNINGS. See online help for details.
D:\Рабочий стол\Учеба\2 курс\4 семестр\Курсач\ООП\OpticalDev\OpticalDev\Magnifier.cpp(73,2): warning C4996: 'strcpy': This function or variable may be unsafe. Consider using strcpy_s instead. To disable deprecation, use _CRT_SECURE_NO_WARNINGS. See online help for details.
D:\Рабочий стол\Учеба\2 курс\4 семестр\Курсач\ООП\OpticalDev\OpticalDev\Magnifier.cpp(75,2): warning C4996: 'strcpy': This function or variable may be unsafe. Consider using strcpy_s instead. To disable deprecation, use _CRT_SECURE_NO_WARNINGS. See online help for details.
D:\Рабочий стол\Учеба\2 курс\4 семестр\Курсач\ООП\OpticalDev\OpticalDev\Magnifier.cpp(90,2): warning C4996: 'strcpy': This function or variable may be unsafe. Consider using strcpy_s instead. To disable deprecation, use _CRT_SECURE_NO_WARNINGS. See online help for details.
D:\Рабочий стол\Учеба\2 курс\4 семестр\Курсач\ООП\OpticalDev\OpticalDev\Magnifier.cpp(95,2): warning C4996: 'strcpy': This function or variable may be unsafe. Consider using strcpy_s instead. To disable deprecation, use _CRT_SECURE_NO_WARNINGS. See online help for details.
D:\Рабочий стол\Учеба\2 курс\4 семестр\Курсач\ООП\OpticalDev\OpticalDev\Magnifier.cpp(107,3): warning C4996: 'strcpy': This function or variable may be unsafe. Consider using strcpy_s instead. To disable deprecation, use _CRT_SECURE_NO_WARNINGS. See online help for details.
D:\Рабочий стол\Учеба\2 курс\4 семестр\Курсач\ООП\OpticalDev\OpticalDev\Magnifier.cpp(111,3): warning C4996: 'strcpy': This function or variable may be unsafe. Consider using strcpy_s instead. To disable deprecation, use _CRT_SECURE_NO_WARNINGS. See online help for details.
D:\Рабочий стол\Учеба\2 курс\4 семестр\Курсач\ООП\OpticalDev\OpticalDev\Magnifier.cpp(115,3): warning C4996: 'strcpy': This function or variable may be unsafe. Consider using strcpy_s instead. To disable deprecation, use _CRT_SECURE_NO_WARNINGS. See online help for details.
D:\Рабочий стол\Учеба\2 курс\4 семестр\Курсач\ООП\OpticalDev\OpticalDev\Magnifier.cpp(124,3): warning C4996: 'strcpy': This function or variable may be unsafe. Consider using strcpy_s instead. To disable deprecation, use _CRT_SECURE_NO_WARNINGS. See online help for details.
D:\Рабочий стол\Учеба\2 курс\4 семестр\Курсач\ООП\OpticalDev\OpticalDev\Magnifier.cpp(129,3): warning C4996: 'strcpy': This function or variable may be unsafe. Consider using strcpy_s instead. To disable deprecation, use _CRT_SECURE_NO_WARNINGS. See online help for details.
D:\Рабочий стол\Учеба\2 курс\4 семестр\Курсач\ООП\OpticalDev\OpticalDev\Magnifier.cpp(133,3): warning C4996: 'strcpy': This function or variable may be unsafe. Consider using strcpy_s instead. To disable deprecation, use _CRT_SECURE_NO_WARNINGS. See online help for details.
  main.cpp
  Microscope.cpp
D:\Рабочий стол\Учеба\2 курс\4 семестр\Курсач\ООП\OpticalDev\OpticalDev\Microscope.cpp(6,2): warning C4996: 'strcpy': This function or variable may be unsafe. Consider using strcpy_s instead. To disable deprecation, use _CRT_SECURE_NO_WARNINGS. See online help for details.
D:\Рабочий стол\Учеба\2 курс\4 семестр\Курсач\ООП\OpticalDev\OpticalDev\Microscope.cpp(8,2): warning C4996: 'strcpy': This function or variable may be unsafe. Consider using strcpy_s instead. To disable deprecation, use _CRT_SECURE_NO_WARNINGS. See online help for details.
D:\Рабочий стол\Учеба\2 курс\4 семестр\Курсач\ООП\OpticalDev\OpticalDev\Microscope.cpp(11,2): warning C4996: 'strcpy': This function or variable may be unsafe. Consider using strcpy_s instead. To disable deprecation, use _CRT_SECURE_NO_WARNINGS. See online help for details.
D:\Рабочий стол\Учеба\2 курс\4 семестр\Курсач\ООП\OpticalDev\OpticalDev\Microscope.cpp(15,2): warning C4996: 'strcpy': This function or variable may be unsafe. Consider using strcpy_s instead. To disable deprecation, use _CRT_SECURE_NO_WARNINGS. See online help for details.
D:\Рабочий стол\Учеба\2 курс\4 семестр\Курсач\ООП\OpticalDev\OpticalDev\Microscope.cpp(17,2): warning C4996: 'strcpy': This function or variable may be unsafe. Consider using strcpy_s instead. To disable deprecation, use _CRT_SECURE_NO_WARNINGS. See online help for details.
D:\Рабочий стол\Учеба\2 курс\4 семестр\Курсач\ООП\OpticalDev\OpticalDev\Microscope.cpp(19,2): warning C4996: 'strcpy': This function or variable may be unsafe. Consider using strcpy_s instead. To disable deprecation, use _CRT_SECURE_NO_WARNINGS. See online help for details.
D:\Рабочий стол\Учеба\2 курс\4 семестр\Курсач\ООП\OpticalDev\OpticalDev\Microscope.cpp(31,3): warning C4996: 'strcpy': This function or variable may be unsafe. Consider using strcpy_s instead. To disable deprecation, use _CRT_SECURE_NO_WARNINGS. See online help for details.
D:\Рабочий стол\Учеба\2 курс\4 семестр\Курсач\ООП\OpticalDev\OpticalDev\Microscope.cpp(33,3): warning C4996: 'strcpy': This function or variable may be unsafe. Consider using strcpy_s instead. To disable deprecation, use _CRT_SECURE_NO_WARNINGS. See online help for details.
D:\Рабочий стол\Учеба\2 курс\4 семестр\Курсач\ООП\OpticalDev\OpticalDev\Microscope.cpp(38,3): warning C4996: 'strcpy': This function or variable may be unsafe. Consider using strcpy_s instead. To disable deprecation, use _CRT_SECURE_NO_WARNINGS. See online help for details.
D:\Рабочий стол\Учеба\2 курс\4 семестр\Курсач\ООП\OpticalDev\OpticalDev\Microscope.cpp(48,3): warning C4996: 'strcpy': This function or variable may be unsafe. Consider using strcpy_s instead. To disable deprecation, use _CRT_SECURE_NO_WARNINGS. See online help for details.
D:\Рабочий стол\Учеба\2 курс\4 семестр\Курсач\ООП\OpticalDev\OpticalDev\Microscope.cpp(50,3): warning C4996: 'strcpy': This function or variable may be unsafe. Consider using strcpy_s instead. To disable deprecation, use _CRT_SECURE_NO_WARNINGS. See online help for details.
D:\Рабочий стол\Учеба\2 курс\4 семестр\Курсач\ООП\OpticalDev\OpticalDev\Microscope.cpp(52,3): warning C4996: 'strcpy': This function or variable may be unsafe. Consider using strcpy_s instead. To disable deprecation, use _CRT_SECURE_NO_WARNINGS. See online help for details.
D:\Рабочий стол\Учеба\2 курс\4 семестр\Курсач\ООП\OpticalDev\OpticalDev\Microscope.cpp(62,2): warning C4996: 'strcpy': This function or variable may be unsafe. Consider using strcpy_s instead. To disable deprecation, use _CRT_SECURE_NO_WARNINGS. See online help for details.
D:\Рабочий стол\Учеба\2 курс\4 семестр\Курсач\ООП\OpticalDev\OpticalDev\Microscope.cpp(64,2): warning C4996: 'strcpy': This function or variable may be unsafe. Consider using strcpy_s instead. To disable deprecation, use _CRT_SECURE_NO_WARNINGS. See online help for details.
D:\Рабочий стол\Учеба\2 курс\4 семестр\Курсач\ООП\OpticalDev\OpticalDev\Microscope.cpp(67,2): warning C4996: 'strcpy': This function or variable may be unsafe. Consider using strcpy_s instead. To disable deprecation, use _CRT_SECURE_NO_WARNINGS. See online help for details.
D:\Рабочий стол\Учеба\2 курс\4 семестр\Курсач\ООП\OpticalDev\OpticalDev\Microscope.cpp(71,2): warning C4996: 'strcpy': This function or variable may be unsafe. Consider using strcpy_s instead. To disable deprecation, use _CRT_SECURE_NO_WARNINGS. See online help for details.
D:\Рабочий стол\Учеба\2 курс\4 семестр\Курсач\ООП\OpticalDev\OpticalDev\Microscope.cpp(73,2): warning C4996: 'strcpy': This function or variable may be unsafe. Consider using strcpy_s instead. To disable deprecation, use _CRT_SECURE_NO_WARNINGS. See online help for details.
D:\Рабочий стол\Учеба\2 курс\4 семестр\Курсач\ООП\OpticalDev\OpticalDev\Microscope.cpp(75,2): warning C4996: 'strcpy': This function or variable may be unsafe. Consider using strcpy_s instead. To disable deprecation, use _CRT_SECURE_NO_WARNINGS. See online help for details.
D:\Рабочий стол\Учеба\2 курс\4 семестр\Курсач\ООП\OpticalDev\OpticalDev\Microscope.cpp(90,2): warning C4996: 'strcpy': This function or variable may be unsafe. Consider using strcpy_s instead. To disable deprecation, use _CRT_SECURE_NO_WARNINGS. See online help for details.
D:\Рабочий стол\Учеба\2 курс\4 семестр\Курсач\ООП\OpticalDev\OpticalDev\Microscope.cpp(95,2): warning C4996: 'strcpy': This function or variable may be unsafe. Consider using strcpy_s instead. To disable deprecation, use _CRT_SECURE_NO_WARNINGS. See online help for details.
D:\Рабочий стол\Учеба\2 курс\4 семестр\Курсач\ООП\OpticalDev\OpticalDev\Microscope.cpp(107,3): warning C4996: 'strcpy': This function or variable may be unsafe. Consider using strcpy_s instead. To disable deprecation, use _CRT_SECURE_NO_WARNINGS. See online help for details.
D:\Рабочий стол\Учеба\2 курс\4 семестр\Курсач\ООП\OpticalDev\OpticalDev\Microscope.cpp(111,3): warning C4996: 'strcpy': This function or variable may be unsafe. Consider using strcpy_s instead. To disable deprecation, use _CRT_SECURE_NO_WARNINGS. See online help for details.
D:\Рабочий стол\Учеба\2 курс\4 семестр\Курсач\ООП\OpticalDev\OpticalDev\Microscope.cpp(115,3): warning C4996: 'strcpy': This function or variable may be unsafe. Consider using strcpy_s instead. To disable deprecation, use _CRT_SECURE_NO_WARNINGS. See online help for details.
D:\Рабочий стол\Учеба\2 курс\4 семестр\Курсач\ООП\OpticalDev\OpticalDev\Microscope.cpp(124,3): warning C4996: 'strcpy': This function or variable may be unsafe. Consider using strcpy_s instead. To disable deprecation, use _CRT_SECURE_NO_WARNINGS. See online help for details.
D:\Рабочий стол\Учеба\2 курс\4 семестр\Курсач\ООП\OpticalDev\OpticalDev\Microscope.cpp(129,3): warning C4996: 'strcpy': This function or variable may be unsafe. Consider using strcpy_s instead. To disable deprecation, use _CRT_SECURE_NO_WARNINGS. See online help for details.
D:\Рабочий стол\Учеба\2 курс\4 семестр\Курсач\ООП\OpticalDev\OpticalDev\Microscope.cpp(133,3): warning C4996: 'strcpy': This function or variable may be unsafe. Consider using strcpy_s instead. To disable deprecation, use _CRT_SECURE_NO_WARNINGS. See online help for details.
  Near.cpp
D:\Рабочий стол\Учеба\2 курс\4 семестр\Курсач\ООП\OpticalDev\OpticalDev\Near.cpp(6,2): warning C4996: 'strcpy': This function or variable may be unsafe. Consider using strcpy_s instead. To disable deprecation, use _CRT_SECURE_NO_WARNINGS. See online help for details.
D:\Рабочий стол\Учеба\2 курс\4 семестр\Курсач\ООП\OpticalDev\OpticalDev\Near.cpp(10,2): warning C4996: 'strcpy': This function or variable may be unsafe. Consider using strcpy_s instead. To disable deprecation, use _CRT_SECURE_NO_WARNINGS. See online help for details.
D:\Рабочий стол\Учеба\2 курс\4 семестр\Курсач\ООП\OpticalDev\OpticalDev\Near.cpp(12,2): warning C4996: 'strcpy': This function or variable may be unsafe. Consider using strcpy_s instead. To disable deprecation, use _CRT_SECURE_NO_WARNINGS. See online help for details.
D:\Рабочий стол\Учеба\2 курс\4 семестр\Курсач\ООП\OpticalDev\OpticalDev\Near.cpp(14,2): warning C4996: 'strcpy': This function or variable may be unsafe. Consider using strcpy_s instead. To disable deprecation, use _CRT_SECURE_NO_WARNINGS. See online help for details.
D:\Рабочий стол\Учеба\2 курс\4 семестр\Курсач\ООП\OpticalDev\OpticalDev\Near.cpp(26,3): warning C4996: 'strcpy': This function or variable may be unsafe. Consider using strcpy_s instead. To disable deprecation, use _CRT_SECURE_NO_WARNINGS. See online help for details.
D:\Рабочий стол\Учеба\2 курс\4 семестр\Курсач\ООП\OpticalDev\OpticalDev\Near.cpp(36,3): warning C4996: 'strcpy': This function or variable may be unsafe. Consider using strcpy_s instead. To disable deprecation, use _CRT_SECURE_NO_WARNINGS. See online help for details.
D:\Рабочий стол\Учеба\2 курс\4 семестр\Курсач\ООП\OpticalDev\OpticalDev\Near.cpp(38,3): warning C4996: 'strcpy': This function or variable may be unsafe. Consider using strcpy_s instead. To disable deprecation, use _CRT_SECURE_NO_WARNINGS. See online help for details.
D:\Рабочий стол\Учеба\2 курс\4 семестр\Курсач\ООП\OpticalDev\OpticalDev\Near.cpp(40,3): warning C4996: 'strcpy': This function or variable may be unsafe. Consider using strcpy_s instead. To disable deprecation, use _CRT_SECURE_NO_WARNINGS. See online help for details.
D:\Рабочий стол\Учеба\2 курс\4 семестр\Курсач\ООП\OpticalDev\OpticalDev\Near.cpp(50,2): warning C4996: 'strcpy': This function or variable may be unsafe. Consider using strcpy_s instead. To disable deprecation, use _CRT_SECURE_NO_WARNINGS. See online help for details.
D:\Рабочий стол\Учеба\2 курс\4 семестр\Курсач\ООП\OpticalDev\OpticalDev\Near.cpp(54,2): warning C4996: 'strcpy': This function or variable may be unsafe. Consider using strcpy_s instead. To disable deprecation, use _CRT_SECURE_NO_WARNINGS. See online help for details.
D:\Рабочий стол\Учеба\2 курс\4 семестр\Курсач\ООП\OpticalDev\OpticalDev\Near.cpp(56,2): warning C4996: 'strcpy': This function or variable may be unsafe. Consider using strcpy_s instead. To disable deprecation, use _CRT_SECURE_NO_WARNINGS. See online help for details.
D:\Рабочий стол\Учеба\2 курс\4 семестр\Курсач\ООП\OpticalDev\OpticalDev\Near.cpp(58,2): warning C4996: 'strcpy': This function or variable may be unsafe. Consider using strcpy_s instead. To disable deprecation, use _CRT_SECURE_NO_WARNINGS. See online help for details.
D:\Рабочий стол\Учеба\2 курс\4 семестр\Курсач\ООП\OpticalDev\OpticalDev\Near.cpp(72,2): warning C4996: 'strcpy': This function or variable may be unsafe. Consider using strcpy_s instead. To disable deprecation, use _CRT_SECURE_NO_WARNINGS. See online help for details.
D:\Рабочий стол\Учеба\2 курс\4 семестр\Курсач\ООП\OpticalDev\OpticalDev\Near.cpp(93,3): warning C4996: 'strcpy': This function or variable may be unsafe. Consider using strcpy_s instead. To disable deprecation, use _CRT_SECURE_NO_WARNINGS. See online help for details.
D:\Рабочий стол\Учеба\2 курс\4 семестр\Курсач\ООП\OpticalDev\OpticalDev\Near.cpp(97,3): warning C4996: 'strcpy': This function or variable may be unsafe. Consider using strcpy_s instead. To disable deprecation, use _CRT_SECURE_NO_WARNINGS. See online help for details.
D:\Рабочий стол\Учеба\2 курс\4 семестр\Курсач\ООП\OpticalDev\OpticalDev\Near.cpp(101,3): warning C4996: 'strcpy': This function or variable may be unsafe. Consider using strcpy_s instead. To disable deprecation, use _CRT_SECURE_NO_WARNINGS. See online help for details.
D:\Рабочий стол\Учеба\2 курс\4 семестр\Курсач\ООП\OpticalDev\OpticalDev\Near.cpp(110,3): warning C4996: 'strcpy': This function or variable may be unsafe. Consider using strcpy_s instead. To disable deprecation, use _CRT_SECURE_NO_WARNINGS. See online help for details.
  NotAuto.cpp
D:\Рабочий стол\Учеба\2 курс\4 семестр\Курсач\ООП\OpticalDev\OpticalDev\NotAuto.cpp(6,2): warning C4996: 'strcpy': This function or variable may be unsafe. Consider using strcpy_s instead. To disable deprecation, use _CRT_SECURE_NO_WARNINGS. See online help for details.
D:\Рабочий стол\Учеба\2 курс\4 семестр\Курсач\ООП\OpticalDev\OpticalDev\NotAuto.cpp(9,2): warning C4996: 'strcpy': This function or variable may be unsafe. Consider using strcpy_s instead. To disable deprecation, use _CRT_SECURE_NO_WARNINGS. See online help for details.
D:\Рабочий стол\Учеба\2 курс\4 семестр\Курсач\ООП\OpticalDev\OpticalDev\NotAuto.cpp(16,2): warning C4996: 'strcpy': This function or variable may be unsafe. Consider using strcpy_s instead. To disable deprecation, use _CRT_SECURE_NO_WARNINGS. See online help for details.
D:\Рабочий стол\Учеба\2 курс\4 семестр\Курсач\ООП\OpticalDev\OpticalDev\NotAuto.cpp(18,2): warning C4996: 'strcpy': This function or variable may be unsafe. Consider using strcpy_s instead. To disable deprecation, use _CRT_SECURE_NO_WARNINGS. See online help for details.
D:\Рабочий стол\Учеба\2 курс\4 семестр\Курсач\ООП\OpticalDev\OpticalDev\NotAuto.cpp(20,2): warning C4996: 'strcpy': This function or variable may be unsafe. Consider using strcpy_s instead. To disable deprecation, use _CRT_SECURE_NO_WARNINGS. See online help for details.
D:\Рабочий стол\Учеба\2 курс\4 семестр\Курсач\ООП\OpticalDev\OpticalDev\NotAuto.cpp(31,3): warning C4996: 'strcpy': This function or variable may be unsafe. Consider using strcpy_s instead. To disable deprecation, use _CRT_SECURE_NO_WARNINGS. See online help for details.
D:\Рабочий стол\Учеба\2 курс\4 семестр\Курсач\ООП\OpticalDev\OpticalDev\NotAuto.cpp(36,3): warning C4996: 'strcpy': This function or variable may be unsafe. Consider using strcpy_s instead. To disable deprecation, use _CRT_SECURE_NO_WARNINGS. See online help for details.
D:\Рабочий стол\Учеба\2 курс\4 семестр\Курсач\ООП\OpticalDev\OpticalDev\NotAuto.cpp(51,3): warning C4996: 'strcpy': This function or variable may be unsafe. Consider using strcpy_s instead. To disable deprecation, use _CRT_SECURE_NO_WARNINGS. See online help for details.
D:\Рабочий стол\Учеба\2 курс\4 семестр\Курсач\ООП\OpticalDev\OpticalDev\NotAuto.cpp(53,3): warning C4996: 'strcpy': This function or variable may be unsafe. Consider using strcpy_s instead. To disable deprecation, use _CRT_SECURE_NO_WARNINGS. See online help for details.
D:\Рабочий стол\Учеба\2 курс\4 семестр\Курсач\ООП\OpticalDev\OpticalDev\NotAuto.cpp(55,3): warning C4996: 'strcpy': This function or variable may be unsafe. Consider using strcpy_s instead. To disable deprecation, use _CRT_SECURE_NO_WARNINGS. See online help for details.
D:\Рабочий стол\Учеба\2 курс\4 семестр\Курсач\ООП\OpticalDev\OpticalDev\NotAuto.cpp(65,2): warning C4996: 'strcpy': This function or variable may be unsafe. Consider using strcpy_s instead. To disable deprecation, use _CRT_SECURE_NO_WARNINGS. See online help for details.
D:\Рабочий стол\Учеба\2 курс\4 семестр\Курсач\ООП\OpticalDev\OpticalDev\NotAuto.cpp(68,2): warning C4996: 'strcpy': This function or variable may be unsafe. Consider using strcpy_s instead. To disable deprecation, use _CRT_SECURE_NO_WARNINGS. See online help for details.
D:\Рабочий стол\Учеба\2 курс\4 семестр\Курсач\ООП\OpticalDev\OpticalDev\NotAuto.cpp(75,2): warning C4996: 'strcpy': This function or variable may be unsafe. Consider using strcpy_s instead. To disable deprecation, use _CRT_SECURE_NO_WARNINGS. See online help for details.
D:\Рабочий стол\Учеба\2 курс\4 семестр\Курсач\ООП\OpticalDev\OpticalDev\NotAuto.cpp(77,2): warning C4996: 'strcpy': This function or variable may be unsafe. Consider using strcpy_s instead. To disable deprecation, use _CRT_SECURE_NO_WARNINGS. See online help for details.
D:\Рабочий стол\Учеба\2 курс\4 семестр\Курсач\ООП\OpticalDev\OpticalDev\NotAuto.cpp(79,2): warning C4996: 'strcpy': This function or variable may be unsafe. Consider using strcpy_s instead. To disable deprecation, use _CRT_SECURE_NO_WARNINGS. See online help for details.
D:\Рабочий стол\Учеба\2 курс\4 семестр\Курсач\ООП\OpticalDev\OpticalDev\NotAuto.cpp(93,2): warning C4996: 'strcpy': This function or variable may be unsafe. Consider using strcpy_s instead. To disable deprecation, use _CRT_SECURE_NO_WARNINGS. See online help for details.
D:\Рабочий стол\Учеба\2 курс\4 семестр\Курсач\ООП\OpticalDev\OpticalDev\NotAuto.cpp(105,3): warning C4996: 'strcpy': This function or variable may be unsafe. Consider using strcpy_s instead. To disable deprecation, use _CRT_SECURE_NO_WARNINGS. See online help for details.
D:\Рабочий стол\Учеба\2 курс\4 семестр\Курсач\ООП\OpticalDev\OpticalDev\NotAuto.cpp(109,3): warning C4996: 'strcpy': This function or variable may be unsafe. Consider using strcpy_s instead. To disable deprecation, use _CRT_SECURE_NO_WARNINGS. See online help for details.
D:\Рабочий стол\Учеба\2 курс\4 семестр\Курсач\ООП\OpticalDev\OpticalDev\NotAuto.cpp(113,3): warning C4996: 'strcpy': This function or variable may be unsafe. Consider using strcpy_s instead. To disable deprecation, use _CRT_SECURE_NO_WARNINGS. See online help for details.
D:\Рабочий стол\Учеба\2 курс\4 семестр\Курсач\ООП\OpticalDev\OpticalDev\NotAuto.cpp(124,3): warning C4996: 'strcpy': This function or variable may be unsafe. Consider using strcpy_s instead. To disable deprecation, use _CRT_SECURE_NO_WARNINGS. See online help for details.
D:\Рабочий стол\Учеба\2 курс\4 семестр\Курсач\ООП\OpticalDev\OpticalDev\NotAuto.cpp(130,3): warning C4996: 'strcpy': This function or variable may be unsafe. Consider using strcpy_s instead. To disable deprecation, use _CRT_SECURE_NO_WARNINGS. See online help for details.
  OpticalDev.cpp
D:\Рабочий стол\Учеба\2 курс\4 семестр\Курсач\ООП\OpticalDev\OpticalDev\OpticalDev.cpp(10,2): warning C4996: 'strcpy': This function or variable may be unsafe. Consider using strcpy_s instead. To disable deprecation, use _CRT_SECURE_NO_WARNINGS. See online help for details.
D:\Рабочий стол\Учеба\2 курс\4 семестр\Курсач\ООП\OpticalDev\OpticalDev\OpticalDev.cpp(12,2): warning C4996: 'strcpy': This function or variable may be unsafe. Consider using strcpy_s instead. To disable deprecation, use _CRT_SECURE_NO_WARNINGS. See online help for details.
D:\Рабочий стол\Учеба\2 курс\4 семестр\Курсач\ООП\OpticalDev\OpticalDev\OpticalDev.cpp(14,2): warning C4996: 'strcpy': This function or variable may be unsafe. Consider using strcpy_s instead. To disable deprecation, use _CRT_SECURE_NO_WARNINGS. See online help for details.
D:\Рабочий стол\Учеба\2 курс\4 семестр\Курсач\ООП\OpticalDev\OpticalDev\OpticalDev.cpp(31,3): warning C4996: 'strcpy': This function or variable may be unsafe. Consider using strcpy_s instead. To disable deprecation, use _CRT_SECURE_NO_WARNINGS. See online help for details.
D:\Рабочий стол\Учеба\2 курс\4 семестр\Курсач\ООП\OpticalDev\OpticalDev\OpticalDev.cpp(33,3): warning C4996: 'strcpy': This function or variable may be unsafe. Consider using strcpy_s instead. To disable deprecation, use _CRT_SECURE_NO_WARNINGS. See online help for details.
D:\Рабочий стол\Учеба\2 курс\4 семестр\Курсач\ООП\OpticalDev\OpticalDev\OpticalDev.cpp(35,3): warning C4996: 'strcpy': This function or variable may be unsafe. Consider using strcpy_s instead. To disable deprecation, use _CRT_SECURE_NO_WARNINGS. See online help for details.
D:\Рабочий стол\Учеба\2 курс\4 семестр\Курсач\ООП\OpticalDev\OpticalDev\OpticalDev.cpp(46,2): warning C4996: 'strcpy': This function or variable may be unsafe. Consider using strcpy_s instead. To disable deprecation, use _CRT_SECURE_NO_WARNINGS. See online help for details.
D:\Рабочий стол\Учеба\2 курс\4 семестр\Курсач\ООП\OpticalDev\OpticalDev\OpticalDev.cpp(48,2): warning C4996: 'strcpy': This function or variable may be unsafe. Consider using strcpy_s instead. To disable deprecation, use _CRT_SECURE_NO_WARNINGS. See online help for details.
D:\Рабочий стол\Учеба\2 курс\4 семестр\Курсач\ООП\OpticalDev\OpticalDev\OpticalDev.cpp(50,2): warning C4996: 'strcpy': This function or variable may be unsafe. Consider using strcpy_s instead. To disable deprecation, use _CRT_SECURE_NO_WARNINGS. See online help for details.
D:\Рабочий стол\Учеба\2 курс\4 семестр\Курсач\ООП\OpticalDev\OpticalDev\OpticalDev.cpp(73,2): warning C4996: 'strcpy': This function or variable may be unsafe. Consider using strcpy_s instead. To disable deprecation, use _CRT_SECURE_NO_WARNINGS. See online help for details.
D:\Рабочий стол\Учеба\2 курс\4 семестр\Курсач\ООП\OpticalDev\OpticalDev\OpticalDev.cpp(78,2): warning C4996: 'strcpy': This function or variable may be unsafe. Consider using strcpy_s instead. To disable deprecation, use _CRT_SECURE_NO_WARNINGS. See online help for details.
D:\Рабочий стол\Учеба\2 курс\4 семестр\Курсач\ООП\OpticalDev\OpticalDev\OpticalDev.cpp(83,2): warning C4996: 'strcpy': This function or variable may be unsafe. Consider using strcpy_s instead. To disable deprecation, use _CRT_SECURE_NO_WARNINGS. See online help for details.
D:\Рабочий стол\Учеба\2 курс\4 семестр\Курсач\ООП\OpticalDev\OpticalDev\OpticalDev.cpp(123,3): warning C4996: 'strcpy': This function or variable may be unsafe. Consider using strcpy_s instead. To disable deprecation, use _CRT_SECURE_NO_WARNINGS. See online help for details.
D:\Рабочий стол\Учеба\2 курс\4 семестр\Курсач\ООП\OpticalDev\OpticalDev\OpticalDev.cpp(128,3): warning C4996: 'strcpy': This function or variable may be unsafe. Consider using strcpy_s instead. To disable deprecation, use _CRT_SECURE_NO_WARNINGS. See online help for details.
D:\Рабочий стол\Учеба\2 курс\4 семестр\Курсач\ООП\OpticalDev\OpticalDev\OpticalDev.cpp(133,3): warning C4996: 'strcpy': This function or variable may be unsafe. Consider using strcpy_s instead. To disable deprecation, use _CRT_SECURE_NO_WARNINGS. See online help for details.
  Telescop.cpp
D:\Рабочий стол\Учеба\2 курс\4 семестр\Курсач\ООП\OpticalDev\OpticalDev\Telescop.cpp(6,2): warning C4996: 'strcpy': This function or variable may be unsafe. Consider using strcpy_s instead. To disable deprecation, use _CRT_SECURE_NO_WARNINGS. See online help for details.
D:\Рабочий стол\Учеба\2 курс\4 семестр\Курсач\ООП\OpticalDev\OpticalDev\Telescop.cpp(8,2): warning C4996: 'strcpy': This function or variable may be unsafe. Consider using strcpy_s instead. To disable deprecation, use _CRT_SECURE_NO_WARNINGS. See online help for details.
D:\Рабочий стол\Учеба\2 курс\4 семестр\Курсач\ООП\OpticalDev\OpticalDev\Telescop.cpp(15,2): warning C4996: 'strcpy': This function or variable may be unsafe. Consider using strcpy_s instead. To disable deprecation, use _CRT_SECURE_NO_WARNINGS. See online help for details.
D:\Рабочий стол\Учеба\2 курс\4 семестр\Курсач\ООП\OpticalDev\OpticalDev\Telescop.cpp(17,2): warning C4996: 'strcpy': This function or variable may be unsafe. Consider using strcpy_s instead. To disable deprecation, use _CRT_SECURE_NO_WARNINGS. See online help for details.
D:\Рабочий стол\Учеба\2 курс\4 семестр\Курсач\ООП\OpticalDev\OpticalDev\Telescop.cpp(19,2): warning C4996: 'strcpy': This function or variable may be unsafe. Consider using strcpy_s instead. To disable deprecation, use _CRT_SECURE_NO_WARNINGS. See online help for details.
D:\Рабочий стол\Учеба\2 курс\4 семестр\Курсач\ООП\OpticalDev\OpticalDev\Telescop.cpp(32,3): warning C4996: 'strcpy': This function or variable may be unsafe. Consider using strcpy_s instead. To disable deprecation, use _CRT_SECURE_NO_WARNINGS. See online help for details.
D:\Рабочий стол\Учеба\2 курс\4 семестр\Курсач\ООП\OpticalDev\OpticalDev\Telescop.cpp(34,3): warning C4996: 'strcpy': This function or variable may be unsafe. Consider using strcpy_s instead. To disable deprecation, use _CRT_SECURE_NO_WARNINGS. See online help for details.
D:\Рабочий стол\Учеба\2 курс\4 семестр\Курсач\ООП\OpticalDev\OpticalDev\Telescop.cpp(49,3): warning C4996: 'strcpy': This function or variable may be unsafe. Consider using strcpy_s instead. To disable deprecation, use _CRT_SECURE_NO_WARNINGS. See online help for details.
D:\Рабочий стол\Учеба\2 курс\4 семестр\Курсач\ООП\OpticalDev\OpticalDev\Telescop.cpp(51,3): warning C4996: 'strcpy': This function or variable may be unsafe. Consider using strcpy_s instead. To disable deprecation, use _CRT_SECURE_NO_WARNINGS. See online help for details.
D:\Рабочий стол\Учеба\2 курс\4 семестр\Курсач\ООП\OpticalDev\OpticalDev\Telescop.cpp(53,3): warning C4996: 'strcpy': This function or variable may be unsafe. Consider using strcpy_s instead. To disable deprecation, use _CRT_SECURE_NO_WARNINGS. See online help for details.
D:\Рабочий стол\Учеба\2 курс\4 семестр\Курсач\ООП\OpticalDev\OpticalDev\Telescop.cpp(63,2): warning C4996: 'strcpy': This function or variable may be unsafe. Consider using strcpy_s instead. To disable deprecation, use _CRT_SECURE_NO_WARNINGS. See online help for details.
D:\Рабочий стол\Учеба\2 курс\4 семестр\Курсач\ООП\OpticalDev\OpticalDev\Telescop.cpp(65,2): warning C4996: 'strcpy': This function or variable may be unsafe. Consider using strcpy_s instead. To disable deprecation, use _CRT_SECURE_NO_WARNINGS. See online help for details.
D:\Рабочий стол\Учеба\2 курс\4 семестр\Курсач\ООП\OpticalDev\OpticalDev\Telescop.cpp(72,2): warning C4996: 'strcpy': This function or variable may be unsafe. Consider using strcpy_s instead. To disable deprecation, use _CRT_SECURE_NO_WARNINGS. See online help for details.
D:\Рабочий стол\Учеба\2 курс\4 семестр\Курсач\ООП\OpticalDev\OpticalDev\Telescop.cpp(74,2): warning C4996: 'strcpy': This function or variable may be unsafe. Consider using strcpy_s instead. To disable deprecation, use _CRT_SECURE_NO_WARNINGS. See online help for details.
D:\Рабочий стол\Учеба\2 курс\4 семестр\Курсач\ООП\OpticalDev\OpticalDev\Telescop.cpp(76,2): warning C4996: 'strcpy': This function or variable may be unsafe. Consider using strcpy_s instead. To disable deprecation, use _CRT_SECURE_NO_WARNINGS. See online help for details.
D:\Рабочий стол\Учеба\2 курс\4 семестр\Курсач\ООП\OpticalDev\OpticalDev\Telescop.cpp(93,2): warning C4996: 'strcpy': This function or variable may be unsafe. Consider using strcpy_s instead. To disable deprecation, use _CRT_SECURE_NO_WARNINGS. See online help for details.
D:\Рабочий стол\Учеба\2 курс\4 семестр\Курсач\ООП\OpticalDev\OpticalDev\Telescop.cpp(98,2): warning C4996: 'strcpy': This function or variable may be unsafe. Consider using strcpy_s instead. To disable deprecation, use _CRT_SECURE_NO_WARNINGS. See online help for details.
D:\Рабочий стол\Учеба\2 курс\4 семестр\Курсач\ООП\OpticalDev\OpticalDev\Telescop.cpp(120,3): warning C4996: 'strcpy': This function or variable may be unsafe. Consider using strcpy_s instead. To disable deprecation, use _CRT_SECURE_NO_WARNINGS. See online help for details.
D:\Рабочий стол\Учеба\2 курс\4 семестр\Курсач\ООП\OpticalDev\OpticalDev\Telescop.cpp(124,3): warning C4996: 'strcpy': This function or variable may be unsafe. Consider using strcpy_s instead. To disable deprecation, use _CRT_SECURE_NO_WARNINGS. See online help for details.
D:\Рабочий стол\Учеба\2 курс\4 семестр\Курсач\ООП\OpticalDev\OpticalDev\Telescop.cpp(128,3): warning C4996: 'strcpy': This function or variable may be unsafe. Consider using strcpy_s instead. To disable deprecation, use _CRT_SECURE_NO_WARNINGS. See online help for details.
D:\Рабочий стол\Учеба\2 курс\4 семестр\Курсач\ООП\OpticalDev\OpticalDev\Telescop.cpp(139,3): warning C4996: 'strcpy': This function or variable may be unsafe. Consider using strcpy_s instead. To disable deprecation, use _CRT_SECURE_NO_WARNINGS. See online help for details.
D:\Рабочий стол\Учеба\2 курс\4 семестр\Курсач\ООП\OpticalDev\OpticalDev\Telescop.cpp(143,3): warning C4996: 'strcpy': This function or variable may be unsafe. Consider using strcpy_s instead. To disable deprecation, use _CRT_SECURE_NO_WARNINGS. See online help for details.
  Создание кода...
D:\Рабочий стол\Учеба\2 курс\4 семестр\Курсач\ООП\OpticalDev\OpticalDev\main.cpp(28): warning C4715: SortName<OpticalDevInterFace *>: значение возвращается не при всех путях выполнения
D:\Рабочий стол\Учеба\2 курс\4 семестр\Курсач\ООП\OpticalDev\OpticalDev\main.cpp(21): warning C4715: SortPrice<OpticalDevInterFace *>: значение возвращается не при всех путях выполнения
D:\Рабочий стол\Учеба\2 курс\4 семестр\Курсач\ООП\OpticalDev\OpticalDev\main.cpp(35): warning C4715: SortPover<OpticalDevInterFace *>: значение возвращается не при всех путях выполнения
D:\Рабочий стол\Учеба\2 курс\4 семестр\Курсач\ООП\OpticalDev\OpticalDev\Stack.h(119): warning C4715: Stack<OpticalDevInterFace *>::Search<std::basic_string<char,std::char_traits<char>,std::allocator<char> > >: значение возвращается не при всех путях выполнения
  OpticalDev.vcxproj -> D:\Рабочий стол\Учеба\2 курс\4 семестр\Курсач\ООП\OpticalDev\Debug\OpticalDev.exe
