d:\рабочий стол\учеба\2 курс\4 семестр\курсач\ооп\opticaldev\opticaldev\debug\vc142.pdb
d:\рабочий стол\учеба\2 курс\4 семестр\курсач\ооп\opticaldev\opticaldev\debug\vc142.idb
d:\рабочий стол\учеба\2 курс\4 семестр\курсач\ооп\opticaldev\opticaldev\debug\telescop.obj
d:\рабочий стол\учеба\2 курс\4 семестр\курсач\ооп\opticaldev\opticaldev\debug\opticaldev.obj
d:\рабочий стол\учеба\2 курс\4 семестр\курсач\ооп\opticaldev\opticaldev\debug\notauto.obj
d:\рабочий стол\учеба\2 курс\4 семестр\курсач\ооп\opticaldev\opticaldev\debug\near.obj
d:\рабочий стол\учеба\2 курс\4 семестр\курсач\ооп\opticaldev\opticaldev\debug\microscope.obj
d:\рабочий стол\учеба\2 курс\4 семестр\курсач\ооп\opticaldev\opticaldev\debug\magnifier.obj
d:\рабочий стол\учеба\2 курс\4 семестр\курсач\ооп\opticaldev\opticaldev\debug\long.obj
d:\рабочий стол\учеба\2 курс\4 семестр\курсач\ооп\opticaldev\opticaldev\debug\camera.obj
d:\рабочий стол\учеба\2 курс\4 семестр\курсач\ооп\opticaldev\opticaldev\debug\auto.obj
d:\рабочий стол\учеба\2 курс\4 семестр\курсач\ооп\opticaldev\opticaldev\debug\main.obj
d:\рабочий стол\учеба\2 курс\4 семестр\курсач\ооп\opticaldev\debug\opticaldev.exe
d:\рабочий стол\учеба\2 курс\4 семестр\курсач\ооп\opticaldev\debug\opticaldev.ilk
d:\рабочий стол\учеба\2 курс\4 семестр\курсач\ооп\opticaldev\debug\opticaldev.pdb
d:\рабочий стол\учеба\2 курс\4 семестр\курсач\ооп\opticaldev\opticaldev\debug\opticaldev.tlog\cl.command.1.tlog
d:\рабочий стол\учеба\2 курс\4 семестр\курсач\ооп\opticaldev\opticaldev\debug\opticaldev.tlog\cl.read.1.tlog
d:\рабочий стол\учеба\2 курс\4 семестр\курсач\ооп\opticaldev\opticaldev\debug\opticaldev.tlog\cl.write.1.tlog
d:\рабочий стол\учеба\2 курс\4 семестр\курсач\ооп\opticaldev\opticaldev\debug\opticaldev.tlog\link.command.1.tlog
d:\рабочий стол\учеба\2 курс\4 семестр\курсач\ооп\opticaldev\opticaldev\debug\opticaldev.tlog\link.read.1.tlog
d:\рабочий стол\учеба\2 курс\4 семестр\курсач\ооп\opticaldev\opticaldev\debug\opticaldev.tlog\link.write.1.tlog
